\BOOKMARK [1][-]{section.1}{\376\377\000I\000n\000t\000r\000o\000d\000u\000c\000t\000i\000o\000n}{}% 1
\BOOKMARK [2][-]{subsection.1.1}{\376\377\000M\000o\000t\000i\000v\000a\000t\000i\000o\000n\000\040\000a\000n\000d\000\040\000T\000r\000a\000d\000i\000n\000g\000\040\000S\000t\000y\000l\000e}{section.1}% 2
\BOOKMARK [2][-]{subsection.1.2}{\376\377\000L\000i\000t\000e\000r\000a\000t\000u\000r\000e\000\040\000R\000e\000v\000i\000e\000w}{section.1}% 3
\BOOKMARK [2][-]{subsection.1.3}{\376\377\000S\000t\000r\000a\000t\000e\000g\000y\000\040\000O\000v\000e\000r\000v\000i\000e\000w}{section.1}% 4
\BOOKMARK [1][-]{section.2}{\376\377\000M\000o\000d\000e\000l}{}% 5
\BOOKMARK [2][-]{subsection.2.1}{\376\377\000S\000i\000g\000n\000a\000l\000\040\000C\000o\000n\000s\000t\000r\000u\000c\000t\000i\000o\000n}{section.2}% 6
\BOOKMARK [3][-]{subsubsection.2.1.1}{\376\377\000I\000m\000p\000l\000i\000e\000d\000\040\000V\000o\000l\000a\000t\000i\000l\000i\000t\000y\000\040\000M\000e\000a\000s\000u\000r\000e\000s}{subsection.2.1}% 7
\BOOKMARK [3][-]{subsubsection.2.1.2}{\376\377\000R\000e\000a\000l\000i\000z\000e\000d\000\040\000V\000o\000l\000a\000t\000i\000l\000i\000t\000y\000\040\000F\000o\000r\000e\000c\000a\000s\000t\000i\000n\000g}{subsection.2.1}% 8
\BOOKMARK [3][-]{subsubsection.2.1.3}{\376\377\000T\000r\000a\000d\000i\000n\000g\000\040\000S\000i\000g\000n\000a\000l\000s}{subsection.2.1}% 9
\BOOKMARK [2][-]{subsection.2.2}{\376\377\000T\000r\000a\000d\000e\000\040\000E\000x\000e\000c\000u\000t\000i\000o\000n}{section.2}% 10
\BOOKMARK [2][-]{subsection.2.3}{\376\377\000I\000m\000p\000l\000e\000m\000e\000n\000t\000a\000t\000i\000o\000n}{section.2}% 11
\BOOKMARK [1][-]{section.3}{\376\377\000M\000e\000t\000h\000o\000d\000o\000l\000o\000g\000y}{}% 12
\BOOKMARK [2][-]{subsection.3.1}{\376\377\000D\000a\000t\000a}{section.3}% 13
\BOOKMARK [2][-]{subsection.3.2}{\376\377\000S\000t\000r\000a\000t\000e\000g\000y\000\040\000T\000e\000s\000t\000i\000n\000g\000\040\000S\000c\000h\000e\000m\000e}{section.3}% 14
\BOOKMARK [1][-]{section.4}{\376\377\000R\000e\000s\000u\000l\000t\000s}{}% 15
\BOOKMARK [2][-]{subsection.4.1}{\376\377\000F\000u\000l\000l\000-\000S\000a\000m\000p\000l\000e\000\040\000P\000e\000r\000f\000o\000r\000m\000a\000n\000c\000e}{section.4}% 16
\BOOKMARK [2][-]{subsection.4.2}{\376\377\000S\000t\000r\000a\000t\000e\000g\000y\000\040\000C\000o\000m\000p\000a\000r\000i\000s\000o\000n}{section.4}% 17
\BOOKMARK [2][-]{subsection.4.3}{\376\377\000F\000O\000M\000C\000\040\000W\000i\000n\000d\000o\000w\000\040\000A\000n\000a\000l\000y\000s\000i\000s}{section.4}% 18
\BOOKMARK [2][-]{subsection.4.4}{\376\377\000D\000r\000a\000w\000d\000o\000w\000n\000\040\000A\000n\000a\000l\000y\000s\000i\000s\000:\000\040\000V\000o\000l\000m\000a\000g\000e\000d\000d\000o\000n\000\040\000a\000n\000d\000\040\000t\000h\000e\000\040\000S\000t\000o\000p\000-\000L\000o\000s\000s}{section.4}% 19
\BOOKMARK [2][-]{subsection.4.5}{\376\377\000O\000u\000t\000-\000o\000f\000-\000S\000a\000m\000p\000l\000e\000\040\000R\000e\000s\000u\000l\000t\000s}{section.4}% 20
\BOOKMARK [2][-]{subsection.4.6}{\376\377\000W\000a\000l\000k\000-\000F\000o\000r\000w\000a\000r\000d\000\040\000A\000n\000a\000l\000y\000s\000i\000s}{section.4}% 21
\BOOKMARK [2][-]{subsection.4.7}{\376\377\000S\000t\000r\000e\000s\000s\000-\000P\000e\000r\000i\000o\000d\000\040\000P\000e\000r\000f\000o\000r\000m\000a\000n\000c\000e}{section.4}% 22
\BOOKMARK [2][-]{subsection.4.8}{\376\377\000V\000o\000l\000a\000t\000i\000l\000i\000t\000y\000-\000R\000e\000g\000i\000m\000e\000\040\000A\000n\000a\000l\000y\000s\000i\000s}{section.4}% 23
\BOOKMARK [2][-]{subsection.4.9}{\376\377\000P\000a\000r\000a\000m\000e\000t\000e\000r\000\040\000S\000e\000n\000s\000i\000t\000i\000v\000i\000t\000y}{section.4}% 24
\BOOKMARK [2][-]{subsection.4.10}{\376\377\000S\000t\000a\000t\000i\000s\000t\000i\000c\000a\000l\000\040\000S\000i\000g\000n\000i\000f\000i\000c\000a\000n\000c\000e}{section.4}% 25
\BOOKMARK [2][-]{subsection.4.11}{\376\377\000Y\000e\000a\000r\000l\000y\000\040\000B\000r\000e\000a\000k\000d\000o\000w\000n}{section.4}% 26
\BOOKMARK [1][-]{section.5}{\376\377\000C\000o\000n\000c\000l\000u\000s\000i\000o\000n}{}% 27
\BOOKMARK [2][-]{subsection.5.1}{\376\377\000S\000u\000m\000m\000a\000r\000y\000\040\000o\000f\000\040\000F\000i\000n\000d\000i\000n\000g\000s}{section.5}% 28
\BOOKMARK [2][-]{subsection.5.2}{\376\377\000L\000i\000m\000i\000t\000a\000t\000i\000o\000n\000s}{section.5}% 29
\BOOKMARK [2][-]{subsection.5.3}{\376\377\000P\000o\000t\000e\000n\000t\000i\000a\000l\000\040\000I\000m\000p\000r\000o\000v\000e\000m\000e\000n\000t\000s}{section.5}% 30
\BOOKMARK [2][-]{subsection.5.4}{\376\377\000C\000o\000n\000c\000l\000u\000d\000i\000n\000g\000\040\000R\000e\000m\000a\000r\000k\000s}{section.5}% 31
\BOOKMARK [1][-]{appendix.A}{\376\377\000A\000d\000d\000i\000t\000i\000o\000n\000a\000l\000\040\000F\000i\000g\000u\000r\000e\000s}{}% 32
\BOOKMARK [1][-]{appendix.B}{\376\377\000I\000n\000d\000i\000v\000i\000d\000u\000a\000l\000\040\000C\000o\000n\000t\000r\000i\000b\000u\000t\000i\000o\000n\000s}{}% 33
